<?xml version="1.0" encoding="UTF-8"?>
<testsuite xmlns:xsi="http://www.w3.org/2001/XMLSchema-instance" xsi:noNamespaceSchemaLocation="https://maven.apache.org/surefire/maven-surefire-plugin/xsd/surefire-test-report.xsd" name="features.steps.TestRunner" time="0.401" tests="7" errors="0" skipped="7" failures="0">
  <properties>
[...]
</properties>
  <testcase name="log in successful" classname="Log in" time="0">
    <skipped message="The step &quot;the server is running&quot; is undefined"/>
    <system-out><![CDATA[Feature: Log in

  Background:                   &amp#27;[90m# src/test/java/features/Login.feature:3&amp#27;[0m
    &amp#27;[33mGiven &amp#27;[0m&amp#27;[33mthe server is running&amp#27;[0m &amp#27;[90m# null&amp#27;[0m
    &amp#27;[33mAnd &amp#27;[0m&amp#27;[33mI am on the login page&amp#27;[0m  &amp#27;[90m# null&amp#27;[0m

  Scenario: log in successful                &amp#27;[90m# src/test/java/features/Login.feature:7&amp#27;[0m
    &amp#27;[33mGiven &amp#27;[0m&amp#27;[33mI type "admin" as username&amp#27;[0m         &amp#27;[90m# null&amp#27;[0m
    &amp#27;[33mAnd &amp#27;[0m&amp#27;[33mI type "admin" as password&amp#27;[0m           &amp#27;[90m# null&amp#27;[0m
    &amp#27;[33mAnd &amp#27;[0m&amp#27;[33mI click Log In&amp#27;[0m                       &amp#27;[90m# null&amp#27;[0m
    &amp#27;[33mThen &amp#27;[0m&amp#27;[33mI should be verified&amp#27;[0m                &amp#27;[90m# null&amp#27;[0m
    &amp#27;[33mAnd &amp#27;[0m&amp#27;[33mI should be taken to admin home page&amp#27;[0m &amp#27;[90m# null&amp#27;[0m
]]></system-out>
  </testcase>
  <testcase name="log in successful" classname="Log in" time="0">
    <skipped message="The step &quot;I am on the login page&quot; is undefined"/>
  </testcase>
  <testcase name="log in successful" classname="Log in" time="0">
    <skipped message="The step &quot;I type &quot;admin&quot; as username&quot; is undefined"/>
  </testcase>
  <testcase name="log in successful" classname="Log in" time="0">
    <skipped message="The step &quot;I type &quot;admin&quot; as password&quot; is undefined"/>
  </testcase>
  <testcase name="log in successful" classname="Log in" time="0">
    <skipped message="The step &quot;I click Log In&quot; is undefined"/>
  </testcase>
  <testcase name="log in successful" classname="Log in" time="0">
    <skipped message="The step &quot;I should be verified&quot; is undefined"/>
  </testcase>
  <testcase name="log in successful" classname="Log in" time="0">
    <skipped message="The step &quot;I should be taken to admin home page&quot; is undefined"/>
  </testcase>
</testsuite>